  main.cpp
C:\Users\SteveFerdinand\OneDrive\三上\Rendering\hw4\Project1\Project1\main.cpp(1679,28): warning C4305: 'argument': truncation from 'double' to 'GLfloat'
C:\Users\SteveFerdinand\OneDrive\三上\Rendering\hw4\Project1\Project1\main.cpp(2422,5): warning C4305: 'initializing': truncation from 'double' to 'GLfloat'
C:\Users\SteveFerdinand\OneDrive\三上\Rendering\hw4\Project1\Project1\main.cpp(2839,28): warning C4305: 'argument': truncation from 'double' to 'GLfloat'
C:\Users\SteveFerdinand\OneDrive\三上\Rendering\hw4\Project1\Project1\main.cpp(3271,28): warning C4305: 'argument': truncation from 'double' to 'GLfloat'
C:\Users\SteveFerdinand\OneDrive\三上\Rendering\hw4\Project1\Project1\main.cpp(4114,31): warning C4305: 'argument': truncation from 'double' to 'GLfloat'
C:\Users\SteveFerdinand\OneDrive\三上\Rendering\hw4\Project1\Project1\main.cpp(4116,34): warning C4305: 'argument': truncation from 'double' to 'GLfloat'
C:\Users\SteveFerdinand\OneDrive\三上\Rendering\hw4\Project1\Project1\main.cpp(4118,39): warning C4305: 'argument': truncation from 'double' to 'GLfloat'
C:\Users\SteveFerdinand\OneDrive\三上\Rendering\hw4\Project1\Project1\main.cpp(4124,41): warning C4305: 'argument': truncation from 'double' to 'GLfloat'
C:\Users\SteveFerdinand\OneDrive\三上\Rendering\hw4\Project1\Project1\main.cpp(4130,43): warning C4305: 'argument': truncation from 'double' to 'GLfloat'
C:\Users\SteveFerdinand\OneDrive\三上\Rendering\hw4\Project1\Project1\main.cpp(4131,35): warning C4305: 'argument': truncation from 'double' to 'GLfloat'
C:\Users\SteveFerdinand\OneDrive\三上\Rendering\hw4\Project1\Project1\main.cpp(4135,40): warning C4305: 'argument': truncation from 'double' to 'GLfloat'
C:\Users\SteveFerdinand\OneDrive\三上\Rendering\hw4\Project1\Project1\main.cpp(4136,31): warning C4305: 'argument': truncation from 'double' to 'GLfloat'
C:\Users\SteveFerdinand\OneDrive\三上\Rendering\hw4\Project1\Project1\main.cpp(4141,42): warning C4305: 'argument': truncation from 'double' to 'GLfloat'
C:\Users\SteveFerdinand\OneDrive\三上\Rendering\hw4\Project1\Project1\main.cpp(4142,35): warning C4305: 'argument': truncation from 'double' to 'GLfloat'
C:\Users\SteveFerdinand\OneDrive\三上\Rendering\hw4\Project1\Project1\main.cpp(4146,39): warning C4305: 'argument': truncation from 'double' to 'GLfloat'
C:\Users\SteveFerdinand\OneDrive\三上\Rendering\hw4\Project1\Project1\main.cpp(4147,31): warning C4305: 'argument': truncation from 'double' to 'GLfloat'
C:\Users\SteveFerdinand\OneDrive\三上\Rendering\hw4\Project1\Project1\main.cpp(4153,42): warning C4305: 'argument': truncation from 'double' to 'GLfloat'
C:\Users\SteveFerdinand\OneDrive\三上\Rendering\hw4\Project1\Project1\main.cpp(4154,35): warning C4305: 'argument': truncation from 'double' to 'GLfloat'
C:\Users\SteveFerdinand\OneDrive\三上\Rendering\hw4\Project1\Project1\main.cpp(4159,38): warning C4305: 'argument': truncation from 'double' to 'GLfloat'
C:\Users\SteveFerdinand\OneDrive\三上\Rendering\hw4\Project1\Project1\main.cpp(4160,31): warning C4305: 'argument': truncation from 'double' to 'GLfloat'
C:\Users\SteveFerdinand\OneDrive\三上\Rendering\hw4\Project1\Project1\main.cpp(4165,45): warning C4305: 'argument': truncation from 'double' to 'GLfloat'
C:\Users\SteveFerdinand\OneDrive\三上\Rendering\hw4\Project1\Project1\main.cpp(4166,35): warning C4305: 'argument': truncation from 'double' to 'GLfloat'
C:\Users\SteveFerdinand\OneDrive\三上\Rendering\hw4\Project1\Project1\main.cpp(4171,45): warning C4305: 'argument': truncation from 'double' to 'GLfloat'
C:\Users\SteveFerdinand\OneDrive\三上\Rendering\hw4\Project1\Project1\main.cpp(4172,35): warning C4305: 'argument': truncation from 'double' to 'GLfloat'
C:\Users\SteveFerdinand\OneDrive\三上\Rendering\hw4\Project1\Project1\main.cpp(4182,27): warning C4305: 'argument': truncation from 'double' to 'GLfloat'
C:\Users\SteveFerdinand\OneDrive\三上\Rendering\hw4\Project1\Project1\main.cpp(4185,23): warning C4244: 'argument': conversion from 'int' to 'GLfloat', possible loss of data
C:\Users\SteveFerdinand\OneDrive\三上\Rendering\hw4\Project1\Project1\main.cpp(4190,34): warning C4244: 'argument': conversion from 'int' to 'GLfloat', possible loss of data
C:\Users\SteveFerdinand\OneDrive\三上\Rendering\hw4\Project1\Project1\main.cpp(4191,39): warning C4305: 'argument': truncation from 'double' to 'GLfloat'
C:\Users\SteveFerdinand\OneDrive\三上\Rendering\hw4\Project1\Project1\main.cpp(4192,23): warning C4244: 'argument': conversion from 'int' to 'GLfloat', possible loss of data
C:\Users\SteveFerdinand\OneDrive\三上\Rendering\hw4\Project1\Project1\main.cpp(4197,23): warning C4244: 'argument': conversion from 'int' to 'GLfloat', possible loss of data
C:\Users\SteveFerdinand\OneDrive\三上\Rendering\hw4\Project1\Project1\main.cpp(4199,23): warning C4244: 'argument': conversion from 'int' to 'GLfloat', possible loss of data
C:\Users\SteveFerdinand\OneDrive\三上\Rendering\hw4\Project1\Project1\main.cpp(4214,32): warning C4305: 'argument': truncation from 'double' to 'GLfloat'
C:\Users\SteveFerdinand\OneDrive\三上\Rendering\hw4\Project1\Project1\main.cpp(4216,39): warning C4305: 'argument': truncation from 'double' to 'GLfloat'
C:\Users\SteveFerdinand\OneDrive\三上\Rendering\hw4\Project1\Project1\main.cpp(4225,60): warning C4305: 'argument': truncation from 'double' to 'GLfloat'
C:\Users\SteveFerdinand\OneDrive\三上\Rendering\hw4\Project1\Project1\main.cpp(4225,27): warning C4244: 'argument': conversion from 'int' to 'GLfloat', possible loss of data
C:\Users\SteveFerdinand\OneDrive\三上\Rendering\hw4\Project1\Project1\main.cpp(4234,32): warning C4305: 'argument': truncation from 'double' to 'GLfloat'
C:\Users\SteveFerdinand\OneDrive\三上\Rendering\hw4\Project1\Project1\main.cpp(4243,56): warning C4305: 'argument': truncation from 'double' to 'GLfloat'
C:\Users\SteveFerdinand\OneDrive\三上\Rendering\hw4\Project1\Project1\main.cpp(4243,23): warning C4244: 'argument': conversion from 'int' to 'GLfloat', possible loss of data
C:\Users\SteveFerdinand\OneDrive\三上\Rendering\hw4\Project1\Project1\main.cpp(4251,32): warning C4305: 'argument': truncation from 'double' to 'GLfloat'
C:\Users\SteveFerdinand\OneDrive\三上\Rendering\hw4\Project1\Project1\main.cpp(4260,56): warning C4305: 'argument': truncation from 'double' to 'GLfloat'
C:\Users\SteveFerdinand\OneDrive\三上\Rendering\hw4\Project1\Project1\main.cpp(4260,23): warning C4244: 'argument': conversion from 'int' to 'GLfloat', possible loss of data
C:\Users\SteveFerdinand\OneDrive\三上\Rendering\hw4\Project1\Project1\main.cpp(4268,32): warning C4305: 'argument': truncation from 'double' to 'GLfloat'
C:\Users\SteveFerdinand\OneDrive\三上\Rendering\hw4\Project1\Project1\main.cpp(4277,56): warning C4305: 'argument': truncation from 'double' to 'GLfloat'
C:\Users\SteveFerdinand\OneDrive\三上\Rendering\hw4\Project1\Project1\main.cpp(4277,23): warning C4244: 'argument': conversion from 'int' to 'GLfloat', possible loss of data
C:\Users\SteveFerdinand\OneDrive\三上\Rendering\hw4\Project1\Project1\main.cpp(4282,32): warning C4305: 'argument': truncation from 'double' to 'GLfloat'
C:\Users\SteveFerdinand\OneDrive\三上\Rendering\hw4\Project1\Project1\main.cpp(4311,31): warning C4244: 'argument': conversion from 'GLdouble' to 'GLfloat', possible loss of data
C:\Users\SteveFerdinand\OneDrive\三上\Rendering\hw4\Project1\Project1\main.cpp(4311,18): warning C4244: 'argument': conversion from 'GLdouble' to 'GLfloat', possible loss of data
C:\Users\SteveFerdinand\OneDrive\三上\Rendering\hw4\Project1\Project1\main.cpp(4316,24): warning C4305: '=': truncation from 'double' to 'float'
C:\Users\SteveFerdinand\OneDrive\三上\Rendering\hw4\Project1\Project1\main.cpp(4319,25): warning C4305: '=': truncation from 'double' to 'float'
C:\Users\SteveFerdinand\OneDrive\三上\Rendering\hw4\Project1\Project1\main.cpp(4344,27): warning C4305: 'argument': truncation from 'double' to 'GLfloat'
C:\Users\SteveFerdinand\OneDrive\三上\Rendering\hw4\Project1\Project1\main.cpp(4351,44): warning C4305: 'argument': truncation from 'double' to 'float'
  Project1.vcxproj -> C:\Users\SteveFerdinand\OneDrive\三上\Rendering\hw4\Project1\Debug\Project1.exe
